<?xml version="1.0" encoding="UTF-8"?>
<testng-results ignored="0" total="1" passed="1" failed="0" skipped="0">
  <reporter-output>
  </reporter-output>
  <suite started-at="2025-05-20T22:48:38 IST" name="OrangeHRM Suite" finished-at="2025-05-20T22:48:57 IST" duration-ms="19150">
    <groups>
    </groups>
    <test started-at="2025-05-20T22:48:38 IST" name="Add Employee" finished-at="2025-05-20T22:48:57 IST" duration-ms="19150">
      <class name="tests.AddEmployeeTest">
        <test-method is-config="true" signature="setupReport()[pri:0, instance:tests.AddEmployeeTest@702657cc]" started-at="2025-05-20T22:48:38 IST" name="setupReport" finished-at="2025-05-20T22:48:38 IST" duration-ms="151" status="PASS">
          <reporter-output>
          </reporter-output>
        </test-method> <!-- setupReport -->
        <test-method is-config="true" signature="setUp()[pri:0, instance:tests.AddEmployeeTest@702657cc]" started-at="2025-05-20T22:48:38 IST" name="setUp" finished-at="2025-05-20T22:48:40 IST" duration-ms="2239" status="PASS">
          <reporter-output>
          </reporter-output>
        </test-method> <!-- setUp -->
        <test-method signature="testAddEmployee()[pri:0, instance:tests.AddEmployeeTest@702657cc]" started-at="2025-05-20T22:48:40 IST" name="testAddEmployee" finished-at="2025-05-20T22:48:56 IST" duration-ms="16010" status="PASS">
          <reporter-output>
          </reporter-output>
        </test-method> <!-- testAddEmployee -->
        <test-method is-config="true" signature="tearDown()[pri:0, instance:tests.AddEmployeeTest@702657cc]" started-at="2025-05-20T22:48:56 IST" name="tearDown" finished-at="2025-05-20T22:48:56 IST" duration-ms="271" status="PASS">
          <reporter-output>
          </reporter-output>
        </test-method> <!-- tearDown -->
        <test-method is-config="true" signature="flushReport()[pri:0, instance:tests.AddEmployeeTest@702657cc]" started-at="2025-05-20T22:48:56 IST" name="flushReport" finished-at="2025-05-20T22:48:57 IST" duration-ms="448" status="PASS">
          <reporter-output>
          </reporter-output>
        </test-method> <!-- flushReport -->
      </class> <!-- tests.AddEmployeeTest -->
    </test> <!-- Add Employee -->
  </suite> <!-- OrangeHRM Suite -->
</testng-results>
